This is pdfTeX, Version 3.14159265-2.6-1.40.16 (TeX Live 2015/Debian) (preloaded format=pdflatex 2017.12.3)  19 DEC 2017 20:57
entering extended mode
 restricted \write18 enabled.
 %&-line parsing enabled.
**/home/biranjan/Documents/thesis_2/latex/my_own/aalto-thesis.sty
(/home/biranjan/Documents/thesis_2/latex/my_own/aalto-thesis.sty
LaTeX2e <2016/02/01>
Babel <3.9q> and hyphenation patterns for 81 language(s) loaded.

LaTeX Warning: You have requested package `',
               but the package provides `aalto-thesis'.

Package: aalto-thesis 2011/02/25 v1.1 Aalto Thesis style

! Package babel Error: Unknown language `english'. Either you have
(babel)                misspelled its name, it has not been installed,
(babel)                or you requested it in a previous run. Fix its name,
(babel)                install it or just rerun the file, respectively.

See the babel package documentation for explanation.
Type  H <return>  for immediate help.
 ...                                              
                                                  
l.15 \selectlanguage{english}
                              
Here is how much of TeX's memory you used:
 10 strings out of 493029
 687 string characters out of 6136234
 53065 words of memory out of 5000000
 3643 multiletter control sequences out of 15000+600000
 3640 words of font info for 14 fonts, out of 8000000 for 9000
 1141 hyphenation exceptions out of 8191
 9i,0n,8p,138b,18s stack positions out of 5000i,500n,10000p,200000b,80000s

!  ==> Fatal error occurred, no output PDF file produced!
