\BOOKMARK [0][]{bookmark.0.cover.0}{Cover page}{}% 1
\BOOKMARK [0][]{section*.1}{Abstract}{}% 2
\BOOKMARK [0][]{bookmark.0.contents.0}{Contents}{}% 3
\BOOKMARK [0][]{chapter.1}{1 Introduction}{}% 4
\BOOKMARK [1][-]{section.1.1}{1.1 Motivation}{chapter.1}% 5
\BOOKMARK [1][-]{section.1.2}{1.2 Research Problem}{chapter.1}% 6
\BOOKMARK [1][-]{section.1.3}{1.3 Aim of the Study}{chapter.1}% 7
\BOOKMARK [1][-]{section.1.4}{1.4 Structure of the Thesis}{chapter.1}% 8
\BOOKMARK [0][]{chapter.2}{2 Literature Review}{}% 9
\BOOKMARK [1][-]{section.2.1}{2.1 Machine Learning}{chapter.2}% 10
\BOOKMARK [1][-]{section.2.2}{2.2 Deep Learning}{chapter.2}% 11
\BOOKMARK [2][-]{subsection.2.2.1}{2.2.1 Why deep learning?}{section.2.2}% 12
\BOOKMARK [1][-]{section.2.3}{2.3 Data Augmentation in Deep Learning}{chapter.2}% 13
\BOOKMARK [2][-]{subsection.2.3.1}{2.3.1 Data Warping}{section.2.3}% 14
\BOOKMARK [2][-]{subsection.2.3.2}{2.3.2 SMOTE}{section.2.3}% 15
\BOOKMARK [2][-]{subsection.2.3.3}{2.3.3 Generative Adversarial Nets}{section.2.3}% 16
\BOOKMARK [1][-]{section.2.4}{2.4 Model Evaluation}{chapter.2}% 17
\BOOKMARK [0][]{chapter.3}{3 Methods}{}% 18
\BOOKMARK [1][-]{section.3.1}{3.1 Cross Industry Standard of Data Mining}{chapter.3}% 19
\BOOKMARK [2][-]{subsection.3.1.1}{3.1.1 Business understanding}{section.3.1}% 20
\BOOKMARK [2][-]{subsection.3.1.2}{3.1.2 Data understanding}{section.3.1}% 21
\BOOKMARK [2][-]{subsection.3.1.3}{3.1.3 Data preparation}{section.3.1}% 22
\BOOKMARK [2][-]{subsection.3.1.4}{3.1.4 Modeling}{section.3.1}% 23
\BOOKMARK [2][-]{subsection.3.1.5}{3.1.5 Evaluation}{section.3.1}% 24
\BOOKMARK [2][-]{subsection.3.1.6}{3.1.6 Deployment}{section.3.1}% 25
\BOOKMARK [0][]{chapter.4}{4 Implementation}{}% 26
\BOOKMARK [1][-]{section.4.1}{4.1 Business understanding}{chapter.4}% 27
\BOOKMARK [1][-]{section.4.2}{4.2 Data understanding}{chapter.4}% 28
\BOOKMARK [2][-]{subsection.4.2.1}{4.2.1 Exploratory Analysis}{section.4.2}% 29
\BOOKMARK [1][-]{section.4.3}{4.3 Data preparation}{chapter.4}% 30
\BOOKMARK [2][-]{subsection.4.3.1}{4.3.1 Data augmentation using data warping}{section.4.3}% 31
\BOOKMARK [2][-]{subsection.4.3.2}{4.3.2 Data augmentation using SMOTE}{section.4.3}% 32
\BOOKMARK [2][-]{subsection.4.3.3}{4.3.3 Data augmentation using GANs}{section.4.3}% 33
\BOOKMARK [1][-]{section.4.4}{4.4 Modeling}{chapter.4}% 34
\BOOKMARK [0][]{chapter.5}{5 Evaluation}{}% 35
\BOOKMARK [1][-]{section.5.1}{5.1 Base model without augmentation}{chapter.5}% 36
\BOOKMARK [1][-]{section.5.2}{5.2 Augmentation using data warping}{chapter.5}% 37
\BOOKMARK [1][-]{section.5.3}{5.3 Augmentation using SMOTE}{chapter.5}% 38
\BOOKMARK [1][-]{section.5.4}{5.4 Augmentation using GANs}{chapter.5}% 39
\BOOKMARK [1][-]{section.5.5}{5.5 Model Comparison}{chapter.5}% 40
\BOOKMARK [0][]{chapter.6}{6 Discussion}{}% 41
\BOOKMARK [1][-]{section.6.1}{6.1 Limitations}{chapter.6}% 42
\BOOKMARK [1][-]{section.6.2}{6.2 Future work}{chapter.6}% 43
\BOOKMARK [0][]{chapter.7}{7 Conclusions}{}% 44
\BOOKMARK [1][-]{section.7.1}{7.1 Key Findings}{chapter.7}% 45
\BOOKMARK [1][-]{section.7.2}{7.2 Contributions}{chapter.7}% 46
\BOOKMARK [2][-]{subsection.7.2.1}{7.2.1 Theoretical Contribution}{section.7.2}% 47
\BOOKMARK [2][-]{subsection.7.2.2}{7.2.2 Practical Contribution}{section.7.2}% 48
\BOOKMARK [0][]{appendix.A}{A Augmentation using data warping}{}% 49
\BOOKMARK [0][]{appendix.B}{B Augmentation using SMOTE}{}% 50
\BOOKMARK [0][]{appendix.C}{C Augmentation using GANs}{}% 51
\BOOKMARK [0][]{appendix.D}{D Data generation through GANs}{}% 52
\BOOKMARK [0][]{appendix.E}{E Deep learning model without augmentation}{}% 53
\BOOKMARK [0][]{appendix.F}{F Deep learning model training}{}% 54
\BOOKMARK [0][]{appendix.G}{G Deep learning model training}{}% 55
\BOOKMARK [0][]{appendix.H}{H Model misclassification}{}% 56
\BOOKMARK [0][]{section*.29}{Bibliography}{}% 57
